<?xml version="1.0" encoding="UTF-8"?>
<!-- Generated by org.testng.reporters.JUnitReportReporter -->
<testsuite hostname="C02T9C9JGTFM" failures="0" tests="4" name="testSuites.toptal.TopTalTest" time="16.247" errors="0" timestamp="14 Aug 2021 15:58:54 GMT" skipped="0">
  <testcase classname="testSuites.toptal.TopTalTest" name="GetListOfAllBreeds" time="3.919"/>
  <testcase classname="testSuites.toptal.TopTalTest" name="VerifyRetriever" time="0.860"/>
  <testcase classname="testSuites.toptal.TopTalTest" name="NavigateToUrl" time="11.220"/>
  <testcase classname="testSuites.toptal.TopTalTest" name="ValidateUserListTable" time="0.248"/>
</testsuite> <!-- testSuites.toptal.TopTalTest -->
